

========================================
FROM: no-reply@example.com
TO: patient@example.com
SUBJECT: Результаты анализа

Здравствуйте, Nersisyan Arnak!

Результат вашего анализа обновлён.
Проверьте, пожалуйста, детали в личном кабинете.

========================================
FROM: no-reply@example.com
TO: patient@example.com
SUBJECT: Результаты анализа

Здравствуйте, Иванов Иван!

Результат вашего анализа обновлён.
Проверьте, пожалуйста, детали в личном кабинете.

========================================
FROM: no-reply@example.com
TO: doc@example.com
SUBJECT: Результат анализа пациента подтверждён

Здравствуйте!

Результат анализа пациента был подтверждён.
Проверьте, пожалуйста, информацию в системе.

========================================
FROM: no-reply@example.com
TO: patient@example.com
SUBJECT: Результаты анализа

Здравствуйте, Пациент!

Результат вашего анализа обновлён.
Проверьте, пожалуйста, детали в личном кабинете.

========================================
FROM: no-reply@example.com
TO: patient@example.com
SUBJECT: Результаты анализа

Здравствуйте, Пациент!

Результат вашего анализа обновлён.
Проверьте, пожалуйста, детали в личном кабинете.

========================================
FROM: no-reply@example.com
TO: patient@example.com
SUBJECT: Результаты анализа

Здравствуйте, Пациент!

Результат вашего анализа обновлён.
Проверьте, пожалуйста, детали в личном кабинете.

========================================
FROM: no-reply@example.com
TO: patient@example.com
SUBJECT: Результаты анализа

Здравствуйте, Иван!

Результат вашего анализа обновлён.
Проверьте, пожалуйста, детали в личном кабинете.

========================================
FROM: no-reply@example.com
TO: patient@example.com
SUBJECT: Результаты анализа

Здравствуйте, Пациент!

Результат вашего анализа обновлён.
Проверьте, пожалуйста, детали в личном кабинете.

========================================
FROM: no-reply@example.com
TO: other@example.com
SUBJECT: Результаты анализа

Здравствуйте, Другой!

Результат вашего анализа обновлён.
Проверьте, пожалуйста, детали в личном кабинете.

========================================
FROM: no-reply@example.com
TO: patient@example.com
SUBJECT: Результаты анализа

Здравствуйте, Пациент!

Результат вашего анализа обновлён.
Проверьте, пожалуйста, детали в личном кабинете.

========================================
FROM: no-reply@example.com
TO: patient@example.com
SUBJECT: Результаты анализа

Здравствуйте, Пациент!

Результат вашего анализа обновлён.
Проверьте, пожалуйста, детали в личном кабинете.